1Start---------CSV 2023/01/23 16:43:30
csvfile C:\入試\Nyushi_zenki\2023インポート簡略版3.csv
Cols不正；322023/01/23 16:43:30
1Start---------CSV 2023/01/23 16:48:03
csvfile C:\入試\Nyushi_zenki\2023インポート簡略版3.csv
Cols不正；322023/01/23 16:48:29
1Start---------CSV 2023/01/23 16:50:45
csvfile C:\入試\Nyushi_zenki\2023インポート簡略版3.csv
Cols不正；322023/01/23 16:50:45
1Start---------CSV 2023/01/23 16:56:05
csvfile C:\入試\Nyushi_zenki\2023インポート簡略版3.csv
Cols不正；322023/01/23 16:56:05
1Start---------CSV 2023/01/23 16:59:19
csvfile C:\入試\Nyushi_zenki\2023インポート簡略版3.csv
Cols不正；322023/01/23 16:59:19
1Start---------CSV 2023/01/23 17:07:30
csvfile C:\入試\Nyushi_zenki\2023インポート簡略版3.csv
Cols不正；32 2023/01/23 17:07:30
1Start---------CSV 2023/01/23 17:10:19
csvfile C:\入試\Nyushi_zenki\2023_インポート.csv
309行の郵便番号が存在しないです。  受験番号:0308  郵便番号:4598011
446行の郵便番号が存在しないです。  受験番号:0445  郵便番号:9830867
492行の郵便番号が存在しないです。  受験番号:0491  郵便番号:4881859
511行の郵便番号が存在しないです。  受験番号:0510  郵便番号:3410038
558行の郵便番号が存在しないです。  受験番号:0557  郵便番号:2700139
765行の郵便番号が存在しないです。  受験番号:0764  郵便番号:2760040
1311行の郵便番号が存在しないです。  受験番号:1310  郵便番号:9400857
1421行の郵便番号が存在しないです。  受験番号:1420  郵便番号:2520028
1509行の郵便番号が存在しないです。  受験番号:1508  郵便番号:9218107
1866行の高校コードが存在しないです。  受験番号:1865  高校コード:10182G
2009行の高校コードが存在しないです。  受験番号:2008  高校コード:20529A
End-----------
1Start---------CSV 2023/01/23 17:36:19
csvfile C:\入試\Nyushi_zenki\2023_インポート.csv
End-----------
1Start---------CSV 2023/01/24 18:29:29
csvfile C:\入試\Nyushi_zenki\志願者importdata\2023_インポート簡略版_3kenTest.csv
Cols不正；32 2023/01/24 18:29:29
1Start---------CSV 2023/01/24 18:29:41
csvfile C:\入試\Nyushi_zenki\志願者importdata\2023_インポート簡略版_3kenTest.csv
Cols不正；32 2023/01/24 18:29:41
