csvfile D:\webcsv\インポート2022-10ken.csv
個人情報：年度,受験No,氏名,フリガナ,生年月日,性別,性別名,郵便番号,国籍,高校所在地,高校所在地名,種別,種別名,出身校,出身校名,課程,課程名,学科,学科名,現浪１,現浪１名,現浪２,大学名,区分,区分名,評定,欠席,選外,選理,選理名,面接希望日,面接希望日(日付),併願,併願有無,個人情報：郵便番号,個人情報：都道府県コード,個人情報：都道府県名,個人情報：住所１,個人情報：住所２,個人情報：住所３,個人情報：電話番号１,個人情報：電話番号２,個人情報：FAX,個人情報：メールアドレス,個人情報：予備校コード,個人情報：予備校名,個人情報：保護者漢字姓,個人情報：保護者漢字名,個人情報：保護者カナ姓,個人情報：保護者カナ名,個人情報：保護者郵便番号,個人情報：保護者都道府県コード,個人情報：保護者都道府県名,個人情報：保護者住所１,個人情報：保護者住所２,個人情報：保護者住所３,個人情報：保護者電話番号１,個人情報：保護者電話番号２,個人情報：志願者との関係
2022,1,大野　優吾,ｵｵﾉ ﾕｳｺﾞ,19991221,1,男,1080074,,13,東京都,7,私立,13530F,高輪,1,全日制,1,普通科,1,2018.3 卒業,,,,,4.3,0,,3,化学・生物,1,2019年2月9日(土),1,有,108-0074,13,東京都,港区,高輪４−２４−５５,ペアシティルネッサンス９０４号,090-9342-1845,03-3443-5143,,onofamily@m8.dion.ne.jp,6301,代官山MEDICAL,大野,津介,オオノ,シンスケ,108-0074,13,東京都,港区,高輪４−２４−５５,ペアシティルネッサンス９０４号,090-9342-1785,03-3443-5143,父
sql  EXEC uspSTEInsertExamineeCSV 2022,1,'大野　優吾','ｵｵﾉ ﾕｳｺﾞ','19991221','1','1080074','13530F','高輪','1','1','1','','','','4.3','0',0,'3','1','1','13','7','','13','東京都','港区','高輪４−２４−５５','ペアシティルネッサンス９０４号','0'
2022,2,中村　澪愛,ﾅｶﾑﾗ ﾚｲﾗ,19990415,2,女,3490111,,13,東京都,7,私立,13527F,頌栄女子学院,1,全日制,1,普通科,1,2018.3 卒業,,,,,3.4,14,,3,化学・生物,2,2019年2月10日(日),1,有,349-0111,11,埼玉県,蓮田市,東６−４−２８,蓮田整形外科,070-1181-1243,048-765-0111,,koji.nkmr32@outlook.com,1399,上記以外の予備校,中村,光志,ナカムラ,コウジ,349-0111,11,埼玉県,蓮田市,東６−４−２８,蓮田整形外科,070-1186-1243,048-765-0111,父
sql  EXEC uspSTEInsertExamineeCSV 2022,2,'中村　澪愛','ﾅｶﾑﾗ ﾚｲﾗ','19990415','2','3490111','13527F','頌栄女子学院','1','1','1','','','','3.4','14',0,'3','2','1','13','7','','11','埼玉県','蓮田市','東６−４−２８','蓮田整形外科','0'
2022,3,川崎　智幸,ｶﾜｻｷ ﾄﾓﾕｷ,19961104,1,男,9608113,,7,福島県,2,公立,07101D,福島（県立）,1,全日制,1,普通科,4,2015.3 以前卒業,,,,,4.4,6,,1,物理・化学,1,2019年2月9日(土),1,有,960-8113,7,福島県,福島市,旭町２番５号,,080-1678-3636,024-563-7186,,umisora3636-k@cream.plala.or.jp,1357,河合塾麹町校,川崎,幸彦,カワサキ,ユキヒコ,960-8113,7,福島県,福島市,旭町２番５号,,090-7061-9815,024-563-7186,父
sql  EXEC uspSTEInsertExamineeCSV 2022,3,'川崎　智幸','ｶﾜｻｷ ﾄﾓﾕｷ','19961104','1','9608113','07101D','福島（県立）','1','1','4','','','','4.4','6',0,'1','1','1','7','2','','7','福島県','福島市','旭町２番５号','','0'
2022,4,鈴木　理奈,ｽｽﾞｷ ﾘﾅ,20001115,2,女,1620842,,13,東京都,1,国立,13004E,お茶の水女子大学附属,1,全日制,1,普通科,0,2019.3 卒業見込,,,,,4.6,0,,3,化学・生物,1,2019年2月9日(土),1,有,162-0842,13,東京都,新宿区,市谷砂土原町２−１−３−２０１,市谷砂土原町パークハウス,090-2223-8012,03-3267-5510,,qwu00740@nifty.ne.jp,,,鈴木,健修,スズキ,ケンシュウ,162-0842,13,東京都,新宿区,市谷砂土原町２−１−３−２０１,市谷砂土原町パークハウス,090-2737-6009,03-3267-5510,父
sql  EXEC uspSTEInsertExamineeCSV 2022,4,'鈴木　理奈','ｽｽﾞｷ ﾘﾅ','20001115','2','1620842','13004E','お茶の水女子大学附属','1','1','0','','','','4.6','0',0,'3','1','1','13','1','','13','東京都','新宿区','市谷砂土原町２−１−３−２０１','市谷砂土原町パークハウス','0'
2022,5,松田　智明,ﾏﾂﾀﾞ ﾄﾓｱｷ,20000322,1,男,1850035,,13,東京都,7,私立,13711B,帝京大学,1,全日制,1,普通科,1,2018.3 卒業,,,,,3.6,38,,3,化学・生物,3,希望なし,,,185-0035,13,東京都,国分寺市,西町１−６−５８,,080-6785-0838,042-806-9075,,matsudaa@matsuda-naika.clinic,1318,駿台予備学校市谷校,松田,昭彦,マツダ,アキヒコ,185-0035,13,東京都,国分寺市,西町１−６−５８,,080-5483-6023,042-806-9075,父
sql  EXEC uspSTEInsertExamineeCSV 2022,5,'松田　智明','ﾏﾂﾀﾞ ﾄﾓｱｷ','20000322','1','1850035','13711B','帝京大学','1','1','1','','','','3.6','38',0,'3','3','','13','7','','13','東京都','国分寺市','西町１−６−５８','','0'
2022,6,榎本　彩乃,ｴﾉﾓﾄ ｱﾔﾉ,19991213,2,女,2720805,,12,千葉県,7,私立,12503C,昭和学院,1,全日制,1,普通科,1,2018.3 卒業,,,,,2.6,13,,3,化学・生物,3,希望なし,,,272-0805,12,千葉県,市川市,大野町４−２８６３,,080-2055-1870,047-337-2366,,tigav612201213@docomo.ne.jp,1226,駿台津田沼校,榎本,園子,エノモト,ソノコ,272-0805,12,千葉県,市川市,大野町４−２８６３,,090-6040-4740,047-337-2366,母
sql  EXEC uspSTEInsertExamineeCSV 2022,6,'榎本　彩乃','ｴﾉﾓﾄ ｱﾔﾉ','19991213','2','2720805','12503C','昭和学院','1','1','1','','','','2.6','13',0,'3','3','','12','7','','12','千葉県','市川市','大野町４−２８６３','','0'
2022,7,外山　潤,ﾄﾔﾏ ｼﾞｭﾝ,20000130,1,男,1580091,,14,神奈川県,7,私立,14574C,森村学園高等部,1,全日制,1,普通科,1,2018.3 卒業,,,,,3.8,36,,3,化学・生物,3,希望なし,,,158-0091,13,東京都,世田谷区,中町３−２４−８−２０７,,080-1213-5270,03-6809-8853,,jun.dog.bird.turtle@gmail.com,,,外山,哲也,トヤマ,テツヤ,158-0091,13,東京都,世田谷区,中町３−２４−８−２０７,,090-4832-1450,03-6809-8853,父親
sql  EXEC uspSTEInsertExamineeCSV 2022,7,'外山　潤','ﾄﾔﾏ ｼﾞｭﾝ','20000130','1','1580091','14574C','森村学園高等部','1','1','1','','','','3.8','36',0,'3','3','','14','7','','13','東京都','世田谷区','中町３−２４−８−２０７','','0'
2022,8,伊藤　理恵子,ｲﾄｳ ﾘｴｺ,19990518,2,女,1120002,,13,東京都,7,私立,13693A,豊島岡女子学園,1,全日制,1,普通科,1,2018.3 卒業,,,,,3.3,8,,1,物理・化学,2,2019年2月10日(日),,,112-0002,13,東京都,文京区,小石川５丁目１−１１,グランヴェール小石川播磨坂　１００３号,080-9995-8714,03-6801-8935,,yitoyan@gmail.com,1318,駿台予備学校市谷校,伊藤,芳紀,イトウ,ヨシノリ,112-0002,13,東京都,文京区,小石川５丁目１−１１,グランヴェール小石川播磨坂　１００３号,090-2230-7091,03-6801-8935,父
sql  EXEC uspSTEInsertExamineeCSV 2022,8,'伊藤　理恵子','ｲﾄｳ ﾘｴｺ','19990518','2','1120002','13693A','豊島岡女子学園','1','1','1','','','','3.3','8',0,'1','2','','13','7','','13','東京都','文京区','小石川５丁目１−１１','グランヴェール小石川播磨坂　１００３号','0'
2022,9,戸田　將,ﾄﾀﾞ ｽｸﾞﾙ,19970110,1,男,1080073,,13,東京都,7,私立,13530F,高輪,1,全日制,1,普通科,4,2015.3 以前卒業,,,,,3.8,3,,3,化学・生物,1,2019年2月9日(土),1,有,108-0073,13,東京都,港区,三田１−６−３−１３０１,シティータワー麻布十番,080-1181-1176,03-3457-6068,,spkx7849@citrus.ocn.ne.jp,1399,上記以外の予備校,戸田,淳,トダ,スナオ,108-0073,13,東京都,港区,三田１−６−３−１３０１,シティータワー麻布十番,090-7940-7675,03-3457-6068,父
sql  EXEC uspSTEInsertExamineeCSV 2022,9,'戸田　將','ﾄﾀﾞ ｽｸﾞﾙ','19970110','1','1080073','13530F','高輪','1','1','4','','','','3.8','3',0,'3','1','1','13','7','','13','東京都','港区','三田１−６−３−１３０１','シティータワー麻布十番','0'
2022,10,牧田　恭輔,ﾏｷﾀ ｷｮｳｽｹ,20010317,1,男,4228008,,22,静岡県,7,私立,22525J,静岡聖光学院,1,全日制,1,普通科,0,2019.3 卒業見込,,,,,4.6,0,,1,物理・化学,3,希望なし,,,422-8008,22,静岡県,静岡市駿河区,栗原２０−７,,080-4213-2463,054-264-9505,,makita3017@icloud.com,,,牧田,忠志,マキタ,タダシ,422-8008,22,静岡県,静岡市駿河区,栗原２０−７,,090-4859-6066,054-264-9505,父
sql  EXEC uspSTEInsertExamineeCSV 2022,10,'牧田　恭輔','ﾏｷﾀ ｷｮｳｽｹ','20010317','1','4228008','22525J','静岡聖光学院','1','1','0','','','','4.6','0',0,'1','3','','22','7','','22','静岡県','静岡市駿河区','栗原２０−７','','0'
