csvfile C:\Documents and Settings\KenjiTerao\ƒfƒXƒNƒgƒbƒv\ƒCƒ“ƒ|[ƒg2.csv
Βlξ•ρF”N“x,σ±No,–Ό,ƒtƒƒKƒi,¶”N“ϊ,«•Κ,«•Κ–Ό,—X•Φ”Τ†,‘Π,‚Zέ’n,‚Zέ’n–Ό,ν•Κ,ν•Κ–Ό,ogZ,ogZ–Ό,‰Ϋ’φ,‰Ϋ’φ–Ό,w‰Θ,w‰Θ–Ό,»Q‚P,»Q‚P–Ό,»Q‚Q,‘εw–Ό,‹ζ•,‹ζ•–Ό,•]’θ,‡Θ,‘IO,‘I—,‘I—–Ό,–ΚΪσ–]“ϊ,–ΚΪσ–]“ϊ(“ϊ•t),•Ήθ,•Ήθ—L–³,Βlξ•ρF—X•Φ”Τ†,Βlξ•ρF“s“Ή•{§ƒR[ƒh,Βlξ•ρF“s“Ή•{§–Ό,Βlξ•ρFZ‚P,Βlξ•ρFZ‚Q,Βlξ•ρFZ‚R,Βlξ•ρF“db”Τ†‚P,Βlξ•ρF“db”Τ†‚Q,Βlξ•ρFFAX,Βlξ•ρFƒ[ƒ‹ƒAƒhƒƒX,Βlξ•ρF—\”υZƒR[ƒh,Βlξ•ρF—\”υZ–Ό,Βlξ•ρF•ΫμΏ©,Βlξ•ρF•ΫμΏ–Ό,Βlξ•ρF•ΫμƒJƒi©,Βlξ•ρF•ΫμƒJƒi–Ό,Βlξ•ρF•Ϋμ—X•Φ”Τ†,Βlξ•ρF•Ϋμ“s“Ή•{§ƒR[ƒh,Βlξ•ρF•Ϋμ“s“Ή•{§–Ό,Βlξ•ρF•ΫμZ‚P,Βlξ•ρF•ΫμZ‚Q,Βlξ•ρF•ΫμZ‚R,Βlξ•ρF•Ϋμ“db”Τ†‚P,Βlξ•ρF•Ϋμ“db”Τ†‚Q,Βlξ•ρFuθ‚Ζ‚ΜΦW
2018,1,››@››,ΆΆ ΆΆ,19991221,1,’j,3490111,“ϊ–{,13,“‹“s,7,„—§,13530F,‚—Φ,1,‘S“ϊ§,1,•’Κ‰Θ,1,2018.3 ‘²‹Ζ,,‘εw‚P,1,,4.3,0,,3,‰»wE¶•¨,1,2019”N29“ϊ(“y),1,—L,108-0074,13,“‹“s,`‹ζ,‚—Φ9|‚Q‚S|‚T‚T,ƒyƒAƒVƒeƒBƒ‹ƒlƒbƒTƒ“ƒX‚X‚O‚S†,090-7342-1845,03-9443-5143,,family@m8.dion.ne.jp,6301,‘γ―RMEDICAL,››,››,ΆΆ ,ΆΆ ,108-0074,13,“‹“s,`‹ζ,‚—Φ9|‚Q‚S|‚T‚T,ƒyƒAƒVƒeƒBƒ‹ƒlƒbƒTƒ“ƒX‚V‚O‚S†,090-9342-1788,03-3443-5149,•ƒ
sql  EXEC uspSTEInsertExamineeCSV 2018,1,'››@››','ΆΆ ΆΆ','19991221','1','3490111','13530F','‚—Φ','1','1','1','','‘εw‚P','1','4.3','0',0,'3','1','1','13','7','“ϊ–{','13','“‹“s','`‹ζ','‚—Φ9|‚Q‚S|‚T‚T','ƒyƒAƒVƒeƒBƒ‹ƒlƒbƒTƒ“ƒX‚X‚O‚S†','0'
2018,2,››@››,ΆΆ ΆΆ,19990415,2,—,3490111,’†‘,13,“‹“s,7,„—§,13527F,θρ‰h—qw‰@,1,‘S“ϊ§,1,•’Κ‰Θ,1,2018.3 ‘²‹Ζ,,‘εw‚Q,0,,3.4,14,,3,‰»wE¶•¨,2,2019”N210“ϊ(“ϊ),1,—L,349-0111,11,ι‹Κ§,@“cs,“9|‚S|‚Q‚W,@“c®`O‰Θ,070-7181-1243,048-965-0111,,nkmr32@outlook.com,1399,γ‹LΘO‚Μ—\”υZ,››,››,ΆΆ ,ΆΆ ,349-0111,11,ι‹Κ§,@“cs,“9|‚S|‚Q‚W,@“c®`O‰Θ,070-1186-1248,048-765-0119,•ƒ
sql  EXEC uspSTEInsertExamineeCSV 2018,2,'››@››','ΆΆ ΆΆ','19990415','2','3490111','13527F','θρ‰h—qw‰@','1','1','1','','‘εw‚Q','0','3.4','14',0,'3','2','1','13','7','’†‘','11','ι‹Κ§','@“cs','“9|‚S|‚Q‚W','@“c®`O‰Θ','0'
2018,3,››@››,ΆΆ ΆΆ,19961104,1,’j,9608113,,7,•“‡§,2,φ—§,07101D,•“‡i§—§j,1,‘S“ϊ§,1,•’Κ‰Θ,4,2015.3 Θ‘O‘²‹Ζ,,,,,4.4,6,,1,•¨—E‰»w,1,2019”N29“ϊ(“y),1,—L,960-8113,7,•“‡§,•“‡s,®’¬9”Τ‚T†,,080-7678-3636,024-963-7186,,sora3636-k@cream.plala.or.jp,1357,‰Ν‡m’¬Z,››,››,ΆΆ ,ΆΆ ,960-8113,7,•“‡§,•“‡s,®’¬9”Τ‚T†,,090-7061-9818,024-563-7189,•ƒ
sql  EXEC uspSTEInsertExamineeCSV 2018,3,'››@››','ΆΆ ΆΆ','19961104','1','9608113','07101D','•“‡i§—§j','1','1','4','','','','4.4','6',0,'1','1','1','7','2','','7','•“‡§','•“‡s','®’¬9”Τ‚T†','','0'
2018,4,››@››,ΆΆ ΆΆ,20001115,2,—,1620842,,13,“‹“s,1,‘—§,13004E,‚¨’ƒ‚Μ…—q‘εw•‘®,1,‘S“ϊ§,1,•’Κ‰Θ,0,2019.3 ‘²‹Ζ©,,,,,4.6,0,,3,‰»wE¶•¨,1,2019”N29“ϊ(“y),1,—L,162-0842,13,“‹“s,Vh‹ζ,s’J»“y΄’¬9|‚P|‚R|‚Q‚O‚P,s’J»“y΄’¬ƒp[ƒNƒnƒEƒX,090-7223-8012,03-9267-5510,,00740@nifty.ne.jp,,,››,››,ΆΆ ,ΆΆ ,162-0842,13,“‹“s,Vh‹ζ,s’J»“y΄’¬9|‚P|‚R|‚Q‚O‚P,s’J»“y΄’¬ƒp[ƒNƒnƒEƒX,090-2737-6008,03-3267-5519,•ƒ
sql  EXEC uspSTEInsertExamineeCSV 2018,4,'››@››','ΆΆ ΆΆ','20001115','2','1620842','13004E','‚¨’ƒ‚Μ…—q‘εw•‘®','1','1','0','','','','4.6','0',0,'3','1','1','13','1','','13','“‹“s','Vh‹ζ','s’J»“y΄’¬9|‚P|‚R|‚Q‚O‚P','s’J»“y΄’¬ƒp[ƒNƒnƒEƒX','0'
2018,5,››@››,ΆΆ ΆΆ,20000322,1,’j,1850035,,13,“‹“s,7,„—§,13711B,’ι‹‘εw,1,‘S“ϊ§,1,•’Κ‰Θ,1,2018.3 ‘²‹Ζ,,,,,3.6,38,,3,‰»wE¶•¨,3,σ–]‚Θ‚µ,,,185-0035,13,“‹“s,‘•›s,Ό’¬9|‚U|‚T‚W,,080-7785-0838,042-906-9075,,daa@matsuda-naika.clinic,1318,x‘δ—\”υwZs’JZ,››,››,ΆΆ ,ΆΆ ,185-0035,13,“‹“s,‘•›s,Ό’¬9|‚U|‚T‚W,,080-5483-6028,042-806-9079,•ƒ
sql  EXEC uspSTEInsertExamineeCSV 2018,5,'››@››','ΆΆ ΆΆ','20000322','1','1850035','13711B','’ι‹‘εw','1','1','1','','','','3.6','38',0,'3','3','','13','7','','13','“‹“s','‘•›s','Ό’¬9|‚U|‚T‚W','','0'
2018,6,››@››,ΆΆ ΆΆ,19991213,2,—,2720805,,12,η—t§,7,„—§,12503C,Ίaw‰@,1,‘S“ϊ§,1,•’Κ‰Θ,1,2018.3 ‘²‹Ζ,,,,,2.6,13,,3,‰»wE¶•¨,3,σ–]‚Θ‚µ,,,272-0805,12,η—t§,sμs,‘ε–μ’¬9|‚Q‚W‚U‚R,,080-7055-1870,047-937-2366,,612201213@docomo.ne.jp,1226,x‘δ’Γ“cΐZ,››,››,ΆΆ ,ΆΆ ,272-0805,12,η—t§,sμs,‘ε–μ’¬9|‚Q‚W‚U‚R,,090-6040-4748,047-337-2369,•κ
sql  EXEC uspSTEInsertExamineeCSV 2018,6,'››@››','ΆΆ ΆΆ','19991213','2','2720805','12503C','Ίaw‰@','1','1','1','','','','2.6','13',0,'3','3','','12','7','','12','η—t§','sμs','‘ε–μ’¬9|‚Q‚W‚U‚R','','0'
2018,7,››@››,ΆΆ ΆΆ,20000130,1,’j,1580091,,14,_“ήμ§,7,„—§,14574C,X‘Ίw‰€‚“™•”,1,‘S“ϊ§,1,•’Κ‰Θ,1,2018.3 ‘²‹Ζ,,,,,3.8,36,,3,‰»wE¶•¨,3,σ–]‚Θ‚µ,,,158-0091,13,“‹“s,Ά“c’J‹ζ,’†’¬9|‚Q‚S|‚W|‚Q‚O‚V,,080-7213-5270,03-9809-8853,,dog.bird.turtle@gmail.com,,,››,››,ΆΆ ,ΆΆ ,158-0091,13,“‹“s,Ά“c’J‹ζ,’†’¬9|‚Q‚S|‚W|‚Q‚O‚V,,090-4832-1458,03-6809-8859,•ƒe
sql  EXEC uspSTEInsertExamineeCSV 2018,7,'››@››','ΆΆ ΆΆ','20000130','1','1580091','14574C','X‘Ίw‰€‚“™•”','1','1','1','','','','3.8','36',0,'3','3','','14','7','','13','“‹“s','Ά“c’J‹ζ','’†’¬9|‚Q‚S|‚W|‚Q‚O‚V','','0'
2018,8,››@››,ΆΆ ΆΆ,19990518,2,—,1120002,,13,“‹“s,7,„—§,13693A,–L“‡‰—qw‰€,1,‘S“ϊ§,1,•’Κ‰Θ,1,2018.3 ‘²‹Ζ,,,,,3.3,8,,1,•¨—E‰»w,2,2019”N210“ϊ(“ϊ),,,112-0002,13,“‹“s,•¶‹‹ζ,¬Ξμ9’–Ϊ‚P|‚P‚P,ƒOƒ‰ƒ“ƒ”ƒF[ƒ‹¬Ξμ”d–β@‚P‚O‚O‚R†,080-7995-8714,03-9801-8935,,an@gmail.com,1318,x‘δ—\”υwZs’JZ,››,››,ΆΆ ,ΆΆ ,112-0002,13,“‹“s,•¶‹‹ζ,¬Ξμ9’–Ϊ‚P|‚P‚P,ƒOƒ‰ƒ“ƒ”ƒF[ƒ‹¬Ξμ”d–β@‚X‚O‚R†,090-2230-7098,03-6801-8939,•ƒ
sql  EXEC uspSTEInsertExamineeCSV 2018,8,'››@››','ΆΆ ΆΆ','19990518','2','1120002','13693A','–L“‡‰—qw‰€','1','1','1','','','','3.3','8',0,'1','2','','13','7','','13','“‹“s','•¶‹‹ζ','¬Ξμ9’–Ϊ‚P|‚P‚P','ƒOƒ‰ƒ“ƒ”ƒF[ƒ‹¬Ξμ”d–β@‚P‚O‚O‚R†','0'
2018,9,››@››,ΆΆ ΆΆ,19970110,1,’j,1080073,,13,“‹“s,7,„—§,13530F,‚—Φ,1,‘S“ϊ§,1,•’Κ‰Θ,4,2015.3 Θ‘O‘²‹Ζ,,,,,3.8,3,,3,‰»wE¶•¨,1,2019”N29“ϊ(“y),1,—L,108-0073,13,“‹“s,`‹ζ,O“c9|‚U|‚R|‚P‚R‚O‚P,ƒVƒeƒB[ƒ^ƒ[–ƒ•z\”Τ,080-7181-1176,03-9457-6068,,kx7849@citrus.ocn.ne.jp,1399,γ‹LΘO‚Μ—\”υZ,››,››,ΆΆ ,ΆΆ ,108-0073,13,“‹“s,`‹ζ,O“c9|‚U|‚R|‚P‚R‚O‚P,ƒVƒeƒB[ƒ^ƒ[–ƒ•z\”Τ,090-7940-7678,03-3457-6069,•ƒ
sql  EXEC uspSTEInsertExamineeCSV 2018,9,'››@››','ΆΆ ΆΆ','19970110','1','1080073','13530F','‚—Φ','1','1','4','','','','3.8','3',0,'3','1','1','13','7','','13','“‹“s','`‹ζ','O“c9|‚U|‚R|‚P‚R‚O‚P','ƒVƒeƒB[ƒ^ƒ[–ƒ•z\”Τ','0'
2018,10,››@››,ΆΆ ΆΆ,20010317,1,’j,4228008,,22,Γ‰§,7,„—§,22525J,Γ‰Ήυw‰@,1,‘S“ϊ§,1,•’Κ‰Θ,0,2019.3 ‘²‹Ζ©,,,,,4.6,0,,1,•¨—E‰»w,3,σ–]‚Θ‚µ,,,422-8008,22,Γ‰§,Γ‰sx‰Ν‹ζ,I΄9|‚V,,080-7213-2463,054-964-9505,,3017@icloud.com,,,››,››,ΆΆ ,ΆΆ ,422-8008,22,Γ‰§,Γ‰sx‰Ν‹ζ,I΄9|‚V,,090-4859-6068,054-264-9509,•ƒ
sql  EXEC uspSTEInsertExamineeCSV 2018,10,'››@››','ΆΆ ΆΆ','20010317','1','4228008','22525J','Γ‰Ήυw‰@','1','1','0','','','','4.6','0',0,'1','3','','22','7','','22','Γ‰§','Γ‰sx‰Ν‹ζ','I΄9|‚V','','0'
